{"contracts/interfaces/IERC20.sol":{"l":{},"path":"/home/kartojal/aave/aave-token/contracts/interfaces/IERC20.sol","s":{},"b":{},"f":{},"fnMap":{},"statementMap":{},"branchMap":{}},"contracts/interfaces/IERC20Detailed.sol":{"l":{},"path":"/home/kartojal/aave/aave-token/contracts/interfaces/IERC20Detailed.sol","s":{},"b":{},"f":{},"fnMap":{},"statementMap":{},"branchMap":{}},"contracts/interfaces/IGovernancePowerDelegationToken.sol":{"l":{},"path":"/home/kartojal/aave/aave-token/contracts/interfaces/IGovernancePowerDelegationToken.sol","s":{},"b":{},"f":{},"fnMap":{},"statementMap":{},"branchMap":{}},"contracts/interfaces/ITransferHook.sol":{"l":{},"path":"/home/kartojal/aave/aave-token/contracts/interfaces/ITransferHook.sol","s":{},"b":{},"f":{},"fnMap":{},"statementMap":{},"branchMap":{}},"contracts/token/AaveToken.sol":{"l":{"65":1,"68":1,"72":1,"79":1,"80":1,"81":1,"82":1,"83":1,"84":1,"107":7,"109":6,"110":4,"111":4,"120":4,"121":2,"122":2,"129":1,"139":16,"141":16,"142":16,"145":16,"146":2,"148":14,"149":14,"152":16,"165":10,"166":1,"169":9,"170":7,"171":7,"173":9,"174":9,"175":9,"179":9,"180":9,"181":9},"path":"/home/kartojal/aave/aave-token/contracts/token/AaveToken.sol","s":{"1":1,"2":1,"3":1,"4":1,"5":1,"6":1,"7":1,"8":1,"9":7,"10":6,"11":4,"12":4,"13":4,"14":2,"15":2,"16":1,"17":16,"18":16,"19":16,"20":16,"21":2,"22":14,"23":14,"24":16,"25":10,"26":1,"27":9,"28":7,"29":7,"30":9,"31":9,"32":9,"33":9,"34":9,"35":9},"b":{"1":[6,1],"2":[4,2],"3":[2,2],"4":[2,14],"5":[1,9],"6":[7,2],"7":[9,0],"8":[9,0]},"f":{"1":3,"2":1,"3":7,"4":1,"5":16,"6":10},"fnMap":{"1":{"name":"constructor","line":52,"loc":{"start":{"line":52,"column":4},"end":{"line":52,"column":46}}},"2":{"name":"initialize","line":63,"loc":{"start":{"line":59,"column":4},"end":{"line":85,"column":4}}},"3":{"name":"permit","line":98,"loc":{"start":{"line":98,"column":4},"end":{"line":123,"column":4}}},"4":{"name":"getRevision","line":128,"loc":{"start":{"line":128,"column":4},"end":{"line":130,"column":4}}},"5":{"name":"_writeSnapshot","line":138,"loc":{"start":{"line":138,"column":4},"end":{"line":153,"column":4}}},"6":{"name":"_beforeTokenTransfer","line":164,"loc":{"start":{"line":164,"column":4},"end":{"line":183,"column":4}}}},"statementMap":{"1":{"start":{"line":65,"column":8},"end":{"line":65,"column":23}},"2":{"start":{"line":72,"column":8},"end":{"line":72,"column":2610}},"3":{"start":{"line":79,"column":8},"end":{"line":79,"column":19}},"4":{"start":{"line":80,"column":8},"end":{"line":80,"column":23}},"5":{"start":{"line":81,"column":8},"end":{"line":81,"column":31}},"6":{"start":{"line":82,"column":8},"end":{"line":82,"column":39}},"7":{"start":{"line":83,"column":8},"end":{"line":83,"column":40}},"8":{"start":{"line":84,"column":8},"end":{"line":84,"column":46}},"9":{"start":{"line":107,"column":8},"end":{"line":107,"column":52}},"10":{"start":{"line":109,"column":8},"end":{"line":109,"column":65}},"11":{"start":{"line":110,"column":8},"end":{"line":110,"column":50}},"12":{"start":{"line":111,"column":8},"end":{"line":111,"column":3882}},"13":{"start":{"line":120,"column":8},"end":{"line":120,"column":72}},"14":{"start":{"line":121,"column":8},"end":{"line":121,"column":48}},"15":{"start":{"line":122,"column":8},"end":{"line":122,"column":38}},"16":{"start":{"line":129,"column":8},"end":{"line":129,"column":23}},"17":{"start":{"line":139,"column":8},"end":{"line":139,"column":52}},"18":{"start":{"line":141,"column":8},"end":{"line":141,"column":63}},"19":{"start":{"line":142,"column":8},"end":{"line":142,"column":80}},"20":{"start":{"line":145,"column":8},"end":{"line":145,"column":5153}},"21":{"start":{"line":146,"column":12},"end":{"line":146,"column":72}},"22":{"start":{"line":148,"column":12},"end":{"line":148,"column":83}},"23":{"start":{"line":149,"column":12},"end":{"line":149,"column":65}},"24":{"start":{"line":152,"column":8},"end":{"line":152,"column":52}},"25":{"start":{"line":165,"column":8},"end":{"line":165,"column":6046}},"26":{"start":{"line":166,"column":12},"end":{"line":166,"column":18}},"27":{"start":{"line":169,"column":8},"end":{"line":169,"column":6103}},"28":{"start":{"line":170,"column":12},"end":{"line":170,"column":49}},"29":{"start":{"line":171,"column":12},"end":{"line":171,"column":87}},"30":{"start":{"line":173,"column":8},"end":{"line":173,"column":6288}},"31":{"start":{"line":174,"column":12},"end":{"line":174,"column":45}},"32":{"start":{"line":175,"column":12},"end":{"line":175,"column":81}},"33":{"start":{"line":179,"column":8},"end":{"line":179,"column":54}},"34":{"start":{"line":180,"column":8},"end":{"line":180,"column":6595}},"35":{"start":{"line":181,"column":12},"end":{"line":181,"column":54}}},"branchMap":{"1":{"line":107,"type":"if","locations":[{"start":{"line":107,"column":8},"end":{"line":107,"column":8}},{"start":{"line":107,"column":8},"end":{"line":107,"column":8}}]},"2":{"line":109,"type":"if","locations":[{"start":{"line":109,"column":8},"end":{"line":109,"column":8}},{"start":{"line":109,"column":8},"end":{"line":109,"column":8}}]},"3":{"line":120,"type":"if","locations":[{"start":{"line":120,"column":8},"end":{"line":120,"column":8}},{"start":{"line":120,"column":8},"end":{"line":120,"column":8}}]},"4":{"line":145,"type":"if","locations":[{"start":{"line":145,"column":8},"end":{"line":145,"column":8}},{"start":{"line":145,"column":8},"end":{"line":145,"column":8}}]},"5":{"line":165,"type":"if","locations":[{"start":{"line":165,"column":8},"end":{"line":165,"column":8}},{"start":{"line":165,"column":8},"end":{"line":165,"column":8}}]},"6":{"line":169,"type":"if","locations":[{"start":{"line":169,"column":8},"end":{"line":169,"column":8}},{"start":{"line":169,"column":8},"end":{"line":169,"column":8}}]},"7":{"line":173,"type":"if","locations":[{"start":{"line":173,"column":8},"end":{"line":173,"column":8}},{"start":{"line":173,"column":8},"end":{"line":173,"column":8}}]},"8":{"line":180,"type":"if","locations":[{"start":{"line":180,"column":8},"end":{"line":180,"column":8}},{"start":{"line":180,"column":8},"end":{"line":180,"column":8}}]}}},"contracts/token/AaveTokenV2.sol":{"l":{"77":7,"79":6,"80":4,"81":4,"89":4,"90":2,"91":2,"98":2,"118":8,"119":8,"121":8,"122":6,"124":8,"125":4,"128":8,"130":8,"131":8,"133":8,"134":6,"136":8,"137":4,"140":8,"143":8,"144":8,"145":8,"159":121,"160":65,"162":56,"189":5,"190":5,"191":5,"192":5,"193":4,"194":3,"195":2,"215":4,"216":4,"217":4,"218":4,"219":3,"220":2,"221":1,"222":1},"path":"/home/kartojal/aave/aave-token/contracts/token/AaveTokenV2.sol","s":{"1":7,"2":6,"3":4,"4":4,"5":4,"6":2,"7":2,"8":2,"9":8,"10":8,"11":8,"12":6,"13":8,"14":4,"15":8,"16":8,"17":8,"18":8,"19":6,"20":8,"21":4,"22":8,"23":8,"24":8,"25":8,"26":121,"27":65,"28":56,"29":5,"30":5,"31":5,"32":5,"33":4,"34":3,"35":2,"36":4,"37":4,"38":4,"39":4,"40":3,"41":2,"42":1,"43":1},"b":{"1":[6,1],"2":[4,2],"3":[2,2],"4":[6,2],"5":[4,4],"6":[6,2],"7":[4,4],"8":[8,0],"9":[65,56],"10":[4,1],"11":[3,1],"12":[2,1],"13":[3,1],"14":[2,1],"15":[1,1]},"f":{"1":6,"2":2,"3":7,"4":2,"5":8,"6":121,"7":5,"8":4},"fnMap":{"1":{"name":"constructor","line":50,"loc":{"start":{"line":50,"column":2},"end":{"line":50,"column":44}}},"2":{"name":"initialize","line":55,"loc":{"start":{"line":55,"column":2},"end":{"line":55,"column":46}}},"3":{"name":"permit","line":68,"loc":{"start":{"line":68,"column":2},"end":{"line":92,"column":2}}},"4":{"name":"getRevision","line":97,"loc":{"start":{"line":97,"column":2},"end":{"line":99,"column":2}}},"5":{"name":"_beforeTokenTransfer","line":112,"loc":{"start":{"line":112,"column":2},"end":{"line":147,"column":2}}},"6":{"name":"_getDelegationDataByType","line":149,"loc":{"start":{"line":149,"column":2},"end":{"line":168,"column":2}}},"7":{"name":"delegateBySig","line":180,"loc":{"start":{"line":180,"column":2},"end":{"line":196,"column":2}}},"8":{"name":"delegateAllBySig","line":207,"loc":{"start":{"line":207,"column":2},"end":{"line":223,"column":2}}}},"statementMap":{"1":{"start":{"line":77,"column":4},"end":{"line":77,"column":48}},"2":{"start":{"line":79,"column":4},"end":{"line":79,"column":61}},"3":{"start":{"line":80,"column":4},"end":{"line":80,"column":46}},"4":{"start":{"line":81,"column":4},"end":{"line":81,"column":2911}},"5":{"start":{"line":89,"column":4},"end":{"line":89,"column":68}},"6":{"start":{"line":90,"column":4},"end":{"line":90,"column":44}},"7":{"start":{"line":91,"column":4},"end":{"line":91,"column":34}},"8":{"start":{"line":98,"column":4},"end":{"line":98,"column":19}},"9":{"start":{"line":118,"column":4},"end":{"line":118,"column":56}},"10":{"start":{"line":119,"column":4},"end":{"line":119,"column":52}},"11":{"start":{"line":121,"column":4},"end":{"line":121,"column":4034}},"12":{"start":{"line":122,"column":6},"end":{"line":122,"column":31}},"13":{"start":{"line":124,"column":4},"end":{"line":124,"column":4117}},"14":{"start":{"line":125,"column":6},"end":{"line":125,"column":27}},"15":{"start":{"line":128,"column":4},"end":{"line":128,"column":94}},"16":{"start":{"line":130,"column":4},"end":{"line":130,"column":69}},"17":{"start":{"line":131,"column":4},"end":{"line":131,"column":65}},"18":{"start":{"line":133,"column":4},"end":{"line":133,"column":4433}},"19":{"start":{"line":134,"column":6},"end":{"line":134,"column":34}},"20":{"start":{"line":136,"column":4},"end":{"line":136,"column":4522}},"21":{"start":{"line":137,"column":6},"end":{"line":137,"column":30}},"22":{"start":{"line":140,"column":4},"end":{"line":140,"column":105}},"23":{"start":{"line":143,"column":4},"end":{"line":143,"column":50}},"24":{"start":{"line":144,"column":4},"end":{"line":144,"column":4840}},"25":{"start":{"line":145,"column":6},"end":{"line":145,"column":48}},"26":{"start":{"line":159,"column":4},"end":{"line":159,"column":5271}},"27":{"start":{"line":160,"column":6},"end":{"line":160,"column":73}},"28":{"start":{"line":162,"column":6},"end":{"line":162,"column":5421}},"29":{"start":{"line":189,"column":4},"end":{"line":189,"column":116}},"30":{"start":{"line":190,"column":4},"end":{"line":190,"column":90}},"31":{"start":{"line":191,"column":4},"end":{"line":191,"column":50}},"32":{"start":{"line":192,"column":4},"end":{"line":192,"column":56}},"33":{"start":{"line":193,"column":4},"end":{"line":193,"column":58}},"34":{"start":{"line":194,"column":4},"end":{"line":194,"column":47}},"35":{"start":{"line":195,"column":4},"end":{"line":195,"column":50}},"36":{"start":{"line":215,"column":4},"end":{"line":215,"column":94}},"37":{"start":{"line":216,"column":4},"end":{"line":216,"column":90}},"38":{"start":{"line":217,"column":4},"end":{"line":217,"column":50}},"39":{"start":{"line":218,"column":4},"end":{"line":218,"column":56}},"40":{"start":{"line":219,"column":4},"end":{"line":219,"column":58}},"41":{"start":{"line":220,"column":4},"end":{"line":220,"column":47}},"42":{"start":{"line":221,"column":4},"end":{"line":221,"column":63}},"43":{"start":{"line":222,"column":4},"end":{"line":222,"column":68}}},"branchMap":{"1":{"line":77,"type":"if","locations":[{"start":{"line":77,"column":4},"end":{"line":77,"column":4}},{"start":{"line":77,"column":4},"end":{"line":77,"column":4}}]},"2":{"line":79,"type":"if","locations":[{"start":{"line":79,"column":4},"end":{"line":79,"column":4}},{"start":{"line":79,"column":4},"end":{"line":79,"column":4}}]},"3":{"line":89,"type":"if","locations":[{"start":{"line":89,"column":4},"end":{"line":89,"column":4}},{"start":{"line":89,"column":4},"end":{"line":89,"column":4}}]},"4":{"line":121,"type":"if","locations":[{"start":{"line":121,"column":4},"end":{"line":121,"column":4}},{"start":{"line":121,"column":4},"end":{"line":121,"column":4}}]},"5":{"line":124,"type":"if","locations":[{"start":{"line":124,"column":4},"end":{"line":124,"column":4}},{"start":{"line":124,"column":4},"end":{"line":124,"column":4}}]},"6":{"line":133,"type":"if","locations":[{"start":{"line":133,"column":4},"end":{"line":133,"column":4}},{"start":{"line":133,"column":4},"end":{"line":133,"column":4}}]},"7":{"line":136,"type":"if","locations":[{"start":{"line":136,"column":4},"end":{"line":136,"column":4}},{"start":{"line":136,"column":4},"end":{"line":136,"column":4}}]},"8":{"line":144,"type":"if","locations":[{"start":{"line":144,"column":4},"end":{"line":144,"column":4}},{"start":{"line":144,"column":4},"end":{"line":144,"column":4}}]},"9":{"line":159,"type":"if","locations":[{"start":{"line":159,"column":4},"end":{"line":159,"column":4}},{"start":{"line":159,"column":4},"end":{"line":159,"column":4}}]},"10":{"line":192,"type":"if","locations":[{"start":{"line":192,"column":4},"end":{"line":192,"column":4}},{"start":{"line":192,"column":4},"end":{"line":192,"column":4}}]},"11":{"line":193,"type":"if","locations":[{"start":{"line":193,"column":4},"end":{"line":193,"column":4}},{"start":{"line":193,"column":4},"end":{"line":193,"column":4}}]},"12":{"line":194,"type":"if","locations":[{"start":{"line":194,"column":4},"end":{"line":194,"column":4}},{"start":{"line":194,"column":4},"end":{"line":194,"column":4}}]},"13":{"line":218,"type":"if","locations":[{"start":{"line":218,"column":4},"end":{"line":218,"column":4}},{"start":{"line":218,"column":4},"end":{"line":218,"column":4}}]},"14":{"line":219,"type":"if","locations":[{"start":{"line":219,"column":4},"end":{"line":219,"column":4}},{"start":{"line":219,"column":4},"end":{"line":219,"column":4}}]},"15":{"line":220,"type":"if","locations":[{"start":{"line":220,"column":4},"end":{"line":220,"column":4}},{"start":{"line":220,"column":4},"end":{"line":220,"column":4}}]}}},"contracts/token/base/GovernancePowerDelegationERC20.sol":{"l":{"35":5,"43":5,"44":5,"57":11,"59":11,"73":44,"79":44,"91":16,"97":16,"99":16,"112":19,"114":19,"116":19,"118":19,"119":6,"122":19,"124":19,"125":19,"141":35,"142":4,"145":31,"151":31,"152":31,"153":31,"155":31,"156":28,"158":3,"161":31,"169":31,"171":31,"172":30,"173":30,"174":30,"175":20,"177":10,"180":30,"188":30,"205":60,"207":58,"209":58,"210":6,"214":52,"215":42,"219":10,"220":2,"223":8,"224":8,"225":8,"226":15,"227":15,"228":15,"229":3,"231":5,"233":7,"236":5,"269":61,"271":61,"272":61,"275":61,"279":4,"281":57,"282":57,"293":1},"path":"/home/kartojal/aave/aave-token/contracts/token/base/GovernancePowerDelegationERC20.sol","s":{"1":5,"2":5,"3":5,"4":11,"5":11,"6":44,"7":44,"8":16,"9":16,"10":16,"11":19,"12":19,"13":19,"14":19,"15":6,"16":19,"17":19,"18":19,"19":35,"20":4,"21":31,"22":31,"23":31,"24":31,"25":31,"26":28,"27":3,"28":31,"29":31,"30":31,"31":30,"32":30,"33":30,"34":20,"35":10,"36":30,"37":30,"38":60,"39":58,"40":58,"41":6,"42":52,"43":42,"44":10,"45":2,"46":8,"47":8,"48":8,"49":15,"50":15,"51":15,"52":3,"53":12,"54":5,"55":7,"56":5,"57":61,"58":61,"59":61,"60":61,"61":4,"62":57,"63":57,"64":1},"b":{"1":[6,13],"2":[4,31],"3":[31,0],"4":[28,3],"5":[30,1],"6":[20,10],"7":[58,2],"8":[6,52],"9":[42,10],"10":[2,8],"11":[3,12],"12":[5,7],"13":[4,57]},"f":{"1":5,"2":5,"3":11,"4":44,"5":16,"6":19,"7":35,"8":60,"9":61,"10":1},"fnMap":{"1":{"name":"delegate","line":34,"loc":{"start":{"line":34,"column":2},"end":{"line":36,"column":2}}},"2":{"name":"delegateAll","line":42,"loc":{"start":{"line":42,"column":2},"end":{"line":45,"column":2}}},"3":{"name":"getDelegatee","line":51,"loc":{"start":{"line":51,"column":2},"end":{"line":60,"column":2}}},"4":{"name":"getPowerCurrent","line":67,"loc":{"start":{"line":67,"column":2},"end":{"line":80,"column":2}}},"5":{"name":"getPowerAtBlock","line":86,"loc":{"start":{"line":86,"column":2},"end":{"line":100,"column":2}}},"6":{"name":"_delegate","line":107,"loc":{"start":{"line":107,"column":2},"end":{"line":126,"column":2}}},"7":{"name":"_moveDelegates","line":135,"loc":{"start":{"line":135,"column":2},"end":{"line":190,"column":2}}},"8":{"name":"_searchByBlockNumber","line":199,"loc":{"start":{"line":199,"column":2},"end":{"line":237,"column":2}}},"9":{"name":"_writeSnapshot","line":262,"loc":{"start":{"line":262,"column":2},"end":{"line":284,"column":2}}},"10":{"name":"totalSupplyAt","line":292,"loc":{"start":{"line":292,"column":2},"end":{"line":294,"column":2}}}},"statementMap":{"1":{"start":{"line":35,"column":4},"end":{"line":35,"column":51}},"2":{"start":{"line":43,"column":4},"end":{"line":43,"column":64}},"3":{"start":{"line":44,"column":4},"end":{"line":44,"column":69}},"4":{"start":{"line":57,"column":4},"end":{"line":57,"column":98}},"5":{"start":{"line":59,"column":4},"end":{"line":59,"column":31}},"6":{"start":{"line":73,"column":4},"end":{"line":73,"column":2329}},"7":{"start":{"line":79,"column":4},"end":{"line":79,"column":79}},"8":{"start":{"line":91,"column":4},"end":{"line":91,"column":2864}},"9":{"start":{"line":97,"column":4},"end":{"line":97,"column":50}},"10":{"start":{"line":99,"column":4},"end":{"line":99,"column":78}},"11":{"start":{"line":112,"column":4},"end":{"line":112,"column":98}},"12":{"start":{"line":114,"column":4},"end":{"line":114,"column":51}},"13":{"start":{"line":116,"column":4},"end":{"line":116,"column":52}},"14":{"start":{"line":118,"column":4},"end":{"line":118,"column":3692}},"15":{"start":{"line":119,"column":6},"end":{"line":119,"column":34}},"16":{"start":{"line":122,"column":4},"end":{"line":122,"column":35}},"17":{"start":{"line":124,"column":4},"end":{"line":124,"column":81}},"18":{"start":{"line":125,"column":4},"end":{"line":125,"column":63}},"19":{"start":{"line":141,"column":4},"end":{"line":141,"column":4441}},"20":{"start":{"line":142,"column":6},"end":{"line":142,"column":12}},"21":{"start":{"line":145,"column":4},"end":{"line":145,"column":4528}},"22":{"start":{"line":151,"column":4},"end":{"line":151,"column":4675}},"23":{"start":{"line":152,"column":6},"end":{"line":152,"column":26}},"24":{"start":{"line":153,"column":6},"end":{"line":153,"column":56}},"25":{"start":{"line":155,"column":6},"end":{"line":155,"column":4796}},"26":{"start":{"line":156,"column":8},"end":{"line":156,"column":69}},"27":{"start":{"line":158,"column":8},"end":{"line":158,"column":33}},"28":{"start":{"line":161,"column":6},"end":{"line":161,"column":4965}},"29":{"start":{"line":169,"column":6},"end":{"line":169,"column":76}},"30":{"start":{"line":171,"column":4},"end":{"line":171,"column":5200}},"31":{"start":{"line":172,"column":6},"end":{"line":172,"column":26}},"32":{"start":{"line":173,"column":6},"end":{"line":173,"column":52}},"33":{"start":{"line":174,"column":6},"end":{"line":174,"column":5314}},"34":{"start":{"line":175,"column":8},"end":{"line":175,"column":65}},"35":{"start":{"line":177,"column":8},"end":{"line":177,"column":31}},"36":{"start":{"line":180,"column":6},"end":{"line":180,"column":5475}},"37":{"start":{"line":188,"column":6},"end":{"line":188,"column":74}},"38":{"start":{"line":205,"column":4},"end":{"line":205,"column":63}},"39":{"start":{"line":207,"column":4},"end":{"line":207,"column":50}},"40":{"start":{"line":209,"column":4},"end":{"line":209,"column":6372}},"41":{"start":{"line":210,"column":6},"end":{"line":210,"column":28}},"42":{"start":{"line":214,"column":4},"end":{"line":214,"column":6479}},"43":{"start":{"line":215,"column":6},"end":{"line":215,"column":54}},"44":{"start":{"line":219,"column":4},"end":{"line":219,"column":6656}},"45":{"start":{"line":220,"column":6},"end":{"line":220,"column":14}},"46":{"start":{"line":223,"column":4},"end":{"line":223,"column":21}},"47":{"start":{"line":224,"column":4},"end":{"line":224,"column":38}},"48":{"start":{"line":225,"column":4},"end":{"line":225,"column":6798}},"49":{"start":{"line":226,"column":6},"end":{"line":226,"column":50}},"50":{"start":{"line":227,"column":6},"end":{"line":227,"column":56}},"51":{"start":{"line":228,"column":6},"end":{"line":228,"column":6967}},"52":{"start":{"line":229,"column":8},"end":{"line":229,"column":29}},"53":{"start":{"line":230,"column":13},"end":{"line":230,"column":7054}},"54":{"start":{"line":231,"column":8},"end":{"line":231,"column":21}},"55":{"start":{"line":233,"column":8},"end":{"line":233,"column":25}},"56":{"start":{"line":236,"column":4},"end":{"line":236,"column":39}},"57":{"start":{"line":269,"column":4},"end":{"line":269,"column":48}},"58":{"start":{"line":271,"column":4},"end":{"line":271,"column":56}},"59":{"start":{"line":272,"column":4},"end":{"line":272,"column":74}},"60":{"start":{"line":275,"column":4},"end":{"line":275,"column":8735}},"61":{"start":{"line":279,"column":6},"end":{"line":279,"column":64}},"62":{"start":{"line":281,"column":6},"end":{"line":281,"column":75}},"63":{"start":{"line":282,"column":6},"end":{"line":282,"column":56}},"64":{"start":{"line":293,"column":4},"end":{"line":293,"column":30}}},"branchMap":{"1":{"line":118,"type":"if","locations":[{"start":{"line":118,"column":4},"end":{"line":118,"column":4}},{"start":{"line":118,"column":4},"end":{"line":118,"column":4}}]},"2":{"line":141,"type":"if","locations":[{"start":{"line":141,"column":4},"end":{"line":141,"column":4}},{"start":{"line":141,"column":4},"end":{"line":141,"column":4}}]},"3":{"line":151,"type":"if","locations":[{"start":{"line":151,"column":4},"end":{"line":151,"column":4}},{"start":{"line":151,"column":4},"end":{"line":151,"column":4}}]},"4":{"line":155,"type":"if","locations":[{"start":{"line":155,"column":6},"end":{"line":155,"column":6}},{"start":{"line":155,"column":6},"end":{"line":155,"column":6}}]},"5":{"line":171,"type":"if","locations":[{"start":{"line":171,"column":4},"end":{"line":171,"column":4}},{"start":{"line":171,"column":4},"end":{"line":171,"column":4}}]},"6":{"line":174,"type":"if","locations":[{"start":{"line":174,"column":6},"end":{"line":174,"column":6}},{"start":{"line":174,"column":6},"end":{"line":174,"column":6}}]},"7":{"line":205,"type":"if","locations":[{"start":{"line":205,"column":4},"end":{"line":205,"column":4}},{"start":{"line":205,"column":4},"end":{"line":205,"column":4}}]},"8":{"line":209,"type":"if","locations":[{"start":{"line":209,"column":4},"end":{"line":209,"column":4}},{"start":{"line":209,"column":4},"end":{"line":209,"column":4}}]},"9":{"line":214,"type":"if","locations":[{"start":{"line":214,"column":4},"end":{"line":214,"column":4}},{"start":{"line":214,"column":4},"end":{"line":214,"column":4}}]},"10":{"line":219,"type":"if","locations":[{"start":{"line":219,"column":4},"end":{"line":219,"column":4}},{"start":{"line":219,"column":4},"end":{"line":219,"column":4}}]},"11":{"line":228,"type":"if","locations":[{"start":{"line":228,"column":6},"end":{"line":228,"column":6}},{"start":{"line":228,"column":6},"end":{"line":228,"column":6}}]},"12":{"line":230,"type":"if","locations":[{"start":{"line":230,"column":13},"end":{"line":230,"column":13}},{"start":{"line":230,"column":13},"end":{"line":230,"column":13}}]},"13":{"line":275,"type":"if","locations":[{"start":{"line":275,"column":4},"end":{"line":275,"column":4}},{"start":{"line":275,"column":4},"end":{"line":275,"column":4}}]}}},"contracts/token/LendToAaveMigrator.sol":{"l":{"37":3,"38":3,"39":3,"52":2,"62":7,"64":6,"65":6,"66":6,"67":6,"75":4},"path":"/home/kartojal/aave/aave-token/contracts/token/LendToAaveMigrator.sol","s":{"1":3,"2":3,"3":3,"4":2,"5":7,"6":6,"7":6,"8":6,"9":6,"10":4},"b":{"1":[6,1]},"f":{"1":3,"2":4,"3":2,"4":7,"5":4},"fnMap":{"1":{"name":"constructor","line":36,"loc":{"start":{"line":36,"column":4},"end":{"line":40,"column":4}}},"2":{"name":"initialize","line":45,"loc":{"start":{"line":45,"column":4},"end":{"line":46,"column":4}}},"3":{"name":"migrationStarted","line":51,"loc":{"start":{"line":51,"column":4},"end":{"line":53,"column":4}}},"4":{"name":"migrateFromLEND","line":61,"loc":{"start":{"line":61,"column":4},"end":{"line":68,"column":4}}},"5":{"name":"getRevision","line":74,"loc":{"start":{"line":74,"column":4},"end":{"line":76,"column":4}}}},"statementMap":{"1":{"start":{"line":37,"column":8},"end":{"line":37,"column":18}},"2":{"start":{"line":38,"column":8},"end":{"line":38,"column":18}},"3":{"start":{"line":39,"column":8},"end":{"line":39,"column":38}},"4":{"start":{"line":52,"column":8},"end":{"line":52,"column":43}},"5":{"start":{"line":62,"column":8},"end":{"line":62,"column":69}},"6":{"start":{"line":64,"column":8},"end":{"line":64,"column":58}},"7":{"start":{"line":65,"column":8},"end":{"line":65,"column":59}},"8":{"start":{"line":66,"column":8},"end":{"line":66,"column":61}},"9":{"start":{"line":67,"column":8},"end":{"line":67,"column":45}},"10":{"start":{"line":75,"column":8},"end":{"line":75,"column":23}}},"branchMap":{"1":{"line":62,"type":"if","locations":[{"start":{"line":62,"column":8},"end":{"line":62,"column":8}},{"start":{"line":62,"column":8},"end":{"line":62,"column":8}}]}}},"contracts/utils/DoubleTransferHelper.sol":{"l":{"11":6,"15":2,"16":2},"path":"/home/kartojal/aave/aave-token/contracts/utils/DoubleTransferHelper.sol","s":{"1":6,"2":2,"3":2},"b":{},"f":{"1":6,"2":2},"fnMap":{"1":{"name":"constructor","line":10,"loc":{"start":{"line":10,"column":4},"end":{"line":12,"column":4}}},"2":{"name":"doubleSend","line":14,"loc":{"start":{"line":14,"column":4},"end":{"line":17,"column":4}}}},"statementMap":{"1":{"start":{"line":11,"column":8},"end":{"line":11,"column":18}},"2":{"start":{"line":15,"column":8},"end":{"line":15,"column":33}},"3":{"start":{"line":16,"column":8},"end":{"line":16,"column":33}}},"branchMap":{}},"contracts/utils/MintableErc20.sol":{"l":{"12":3,"20":6,"21":6},"path":"/home/kartojal/aave/aave-token/contracts/utils/MintableErc20.sol","s":{"1":3,"2":6,"3":6},"b":{},"f":{"1":3,"2":6},"fnMap":{"1":{"name":"constructor","line":11,"loc":{"start":{"line":11,"column":4},"end":{"line":13,"column":4}}},"2":{"name":"mint","line":19,"loc":{"start":{"line":19,"column":4},"end":{"line":22,"column":4}}}},"statementMap":{"1":{"start":{"line":12,"column":8},"end":{"line":12,"column":31}},"2":{"start":{"line":20,"column":8},"end":{"line":20,"column":31}},"3":{"start":{"line":21,"column":8},"end":{"line":21,"column":19}}},"branchMap":{}},"contracts/utils/MockTransferHook.sol":{"l":{"10":17},"path":"/home/kartojal/aave/aave-token/contracts/utils/MockTransferHook.sol","s":{"1":17},"b":{},"f":{"1":17},"fnMap":{"1":{"name":"onTransfer","line":9,"loc":{"start":{"line":9,"column":4},"end":{"line":11,"column":4}}}},"statementMap":{"1":{"start":{"line":10,"column":8},"end":{"line":10,"column":28}}},"branchMap":{}},"contracts/utils/VersionedInitializable.sol":{"l":{"28":7,"29":7,"31":7,"33":7},"path":"/home/kartojal/aave/aave-token/contracts/utils/VersionedInitializable.sol","s":{"1":7,"2":7,"3":7},"b":{"1":[7,0]},"f":{"1":7},"fnMap":{"1":{"name":"initializer","line":27,"loc":{"start":{"line":27,"column":4},"end":{"line":35,"column":4}}}},"statementMap":{"1":{"start":{"line":28,"column":8},"end":{"line":28,"column":40}},"2":{"start":{"line":29,"column":8},"end":{"line":29,"column":100}},"3":{"start":{"line":31,"column":8},"end":{"line":31,"column":41}}},"branchMap":{"1":{"line":29,"type":"if","locations":[{"start":{"line":29,"column":8},"end":{"line":29,"column":8}},{"start":{"line":29,"column":8},"end":{"line":29,"column":8}}]}}}}